CRITICAL - 2024-02-01 01:15:25 --> CodeIgniter\View\Exceptions\ViewException: Invalid file: "v_home.php"
in SYSTEMPATH\Exceptions\FrameworkException.php on line 39.
 1 SYSTEMPATH\View\View.php(216): CodeIgniter\Exceptions\FrameworkException::forInvalidFile('v_home.php')
 2 SYSTEMPATH\Common.php(1178): CodeIgniter\View\View->render('v_home', [], true)
 3 APPPATH\Views\v_template.php(140): view('v_home')
 4 SYSTEMPATH\View\View.php(228): include('C:\\xamppp\\htdocs\\minikasir_ci4\\app\\Views\\v_template.php')
 5 SYSTEMPATH\View\View.php(231): CodeIgniter\View\View->CodeIgniter\View\{closure}()
 6 SYSTEMPATH\Common.php(1178): CodeIgniter\View\View->render('v_template', [], true)
 7 APPPATH\Controllers\Home.php(12): view('v_template', [...])
 8 SYSTEMPATH\CodeIgniter.php(941): App\Controllers\Home->index()
 9 SYSTEMPATH\CodeIgniter.php(502): CodeIgniter\CodeIgniter->runController(Object(App\Controllers\Home))
10 SYSTEMPATH\CodeIgniter.php(361): CodeIgniter\CodeIgniter->handleRequest(null, Object(Config\Cache), false)
11 FCPATH\index.php(79): CodeIgniter\CodeIgniter->run()
CRITICAL - 2024-02-01 01:15:26 --> CodeIgniter\View\Exceptions\ViewException: Invalid file: "v_home.php"
in SYSTEMPATH\Exceptions\FrameworkException.php on line 39.
 1 SYSTEMPATH\View\View.php(216): CodeIgniter\Exceptions\FrameworkException::forInvalidFile('v_home.php')
 2 SYSTEMPATH\Common.php(1178): CodeIgniter\View\View->render('v_home', [], true)
 3 APPPATH\Views\v_template.php(140): view('v_home')
 4 SYSTEMPATH\View\View.php(228): include('C:\\xamppp\\htdocs\\minikasir_ci4\\app\\Views\\v_template.php')
 5 SYSTEMPATH\View\View.php(231): CodeIgniter\View\View->CodeIgniter\View\{closure}()
 6 SYSTEMPATH\Common.php(1178): CodeIgniter\View\View->render('v_template', [], true)
 7 APPPATH\Controllers\Home.php(12): view('v_template', [...])
 8 SYSTEMPATH\CodeIgniter.php(941): App\Controllers\Home->index()
 9 SYSTEMPATH\CodeIgniter.php(502): CodeIgniter\CodeIgniter->runController(Object(App\Controllers\Home))
10 SYSTEMPATH\CodeIgniter.php(361): CodeIgniter\CodeIgniter->handleRequest(null, Object(Config\Cache), false)
11 FCPATH\index.php(79): CodeIgniter\CodeIgniter->run()
CRITICAL - 2024-02-01 01:15:39 --> CodeIgniter\View\Exceptions\ViewException: Invalid file: "v_home.php"
in SYSTEMPATH\Exceptions\FrameworkException.php on line 39.
 1 SYSTEMPATH\View\View.php(216): CodeIgniter\Exceptions\FrameworkException::forInvalidFile('v_home.php')
 2 SYSTEMPATH\Common.php(1178): CodeIgniter\View\View->render('v_home', [], true)
 3 APPPATH\Views\v_template.php(140): view('v_home')
 4 SYSTEMPATH\View\View.php(228): include('C:\\xamppp\\htdocs\\minikasir_ci4\\app\\Views\\v_template.php')
 5 SYSTEMPATH\View\View.php(231): CodeIgniter\View\View->CodeIgniter\View\{closure}()
 6 SYSTEMPATH\Common.php(1178): CodeIgniter\View\View->render('v_template', [], true)
 7 APPPATH\Controllers\Home.php(12): view('v_template', [...])
 8 SYSTEMPATH\CodeIgniter.php(941): App\Controllers\Home->index()
 9 SYSTEMPATH\CodeIgniter.php(502): CodeIgniter\CodeIgniter->runController(Object(App\Controllers\Home))
10 SYSTEMPATH\CodeIgniter.php(361): CodeIgniter\CodeIgniter->handleRequest(null, Object(Config\Cache), false)
11 FCPATH\index.php(79): CodeIgniter\CodeIgniter->run()
CRITICAL - 2024-02-01 07:32:02 --> ErrorException: Undefined variable $menu
in APPPATH\Views\v_template.php on line 84.
 1 APPPATH\Views\v_template.php(84): CodeIgniter\Debug\Exceptions->errorHandler(2, 'Undefined variable $menu', 'C:\\xamppp\\htdocs\\minikasir_ci4\\app\\Views\\v_template.php', 84)
 2 SYSTEMPATH\View\View.php(228): include('C:\\xamppp\\htdocs\\minikasir_ci4\\app\\Views\\v_template.php')
 3 SYSTEMPATH\View\View.php(231): CodeIgniter\View\View->CodeIgniter\View\{closure}()
 4 SYSTEMPATH\Common.php(1178): CodeIgniter\View\View->render('v_template', [], true)
 5 APPPATH\Controllers\Kategori.php(15): view('v_template', [...])
 6 SYSTEMPATH\CodeIgniter.php(941): App\Controllers\Kategori->index()
 7 SYSTEMPATH\CodeIgniter.php(502): CodeIgniter\CodeIgniter->runController(Object(App\Controllers\Kategori))
 8 SYSTEMPATH\CodeIgniter.php(361): CodeIgniter\CodeIgniter->handleRequest(null, Object(Config\Cache), false)
 9 FCPATH\index.php(79): CodeIgniter\CodeIgniter->run()
CRITICAL - 2024-02-01 07:33:24 --> ErrorException: Undefined variable $menu
in APPPATH\Views\v_template.php on line 84.
 1 APPPATH\Views\v_template.php(84): CodeIgniter\Debug\Exceptions->errorHandler(2, 'Undefined variable $menu', 'C:\\xamppp\\htdocs\\minikasir_ci4\\app\\Views\\v_template.php', 84)
 2 SYSTEMPATH\View\View.php(228): include('C:\\xamppp\\htdocs\\minikasir_ci4\\app\\Views\\v_template.php')
 3 SYSTEMPATH\View\View.php(231): CodeIgniter\View\View->CodeIgniter\View\{closure}()
 4 SYSTEMPATH\Common.php(1178): CodeIgniter\View\View->render('v_template', [], true)
 5 APPPATH\Controllers\Kategori.php(15): view('v_template', [...])
 6 SYSTEMPATH\CodeIgniter.php(941): App\Controllers\Kategori->index()
 7 SYSTEMPATH\CodeIgniter.php(502): CodeIgniter\CodeIgniter->runController(Object(App\Controllers\Kategori))
 8 SYSTEMPATH\CodeIgniter.php(361): CodeIgniter\CodeIgniter->handleRequest(null, Object(Config\Cache), false)
 9 FCPATH\index.php(79): CodeIgniter\CodeIgniter->run()
CRITICAL - 2024-02-01 07:33:52 --> ErrorException: Undefined variable $menu
in APPPATH\Views\v_template.php on line 84.
 1 APPPATH\Views\v_template.php(84): CodeIgniter\Debug\Exceptions->errorHandler(2, 'Undefined variable $menu', 'C:\\xamppp\\htdocs\\minikasir_ci4\\app\\Views\\v_template.php', 84)
 2 SYSTEMPATH\View\View.php(228): include('C:\\xamppp\\htdocs\\minikasir_ci4\\app\\Views\\v_template.php')
 3 SYSTEMPATH\View\View.php(231): CodeIgniter\View\View->CodeIgniter\View\{closure}()
 4 SYSTEMPATH\Common.php(1178): CodeIgniter\View\View->render('v_template', [], true)
 5 APPPATH\Controllers\Kategori.php(15): view('v_template', [...])
 6 SYSTEMPATH\CodeIgniter.php(941): App\Controllers\Kategori->index()
 7 SYSTEMPATH\CodeIgniter.php(502): CodeIgniter\CodeIgniter->runController(Object(App\Controllers\Kategori))
 8 SYSTEMPATH\CodeIgniter.php(361): CodeIgniter\CodeIgniter->handleRequest(null, Object(Config\Cache), false)
 9 FCPATH\index.php(79): CodeIgniter\CodeIgniter->run()
CRITICAL - 2024-02-01 07:36:41 --> ErrorException: Undefined variable $menu
in APPPATH\Views\v_template.php on line 84.
 1 APPPATH\Views\v_template.php(84): CodeIgniter\Debug\Exceptions->errorHandler(2, 'Undefined variable $menu', 'C:\\xamppp\\htdocs\\minikasir_ci4\\app\\Views\\v_template.php', 84)
 2 SYSTEMPATH\View\View.php(228): include('C:\\xamppp\\htdocs\\minikasir_ci4\\app\\Views\\v_template.php')
 3 SYSTEMPATH\View\View.php(231): CodeIgniter\View\View->CodeIgniter\View\{closure}()
 4 SYSTEMPATH\Common.php(1178): CodeIgniter\View\View->render('v_template', [], true)
 5 APPPATH\Controllers\Kategori.php(15): view('v_template', [...])
 6 SYSTEMPATH\CodeIgniter.php(941): App\Controllers\Kategori->index()
 7 SYSTEMPATH\CodeIgniter.php(502): CodeIgniter\CodeIgniter->runController(Object(App\Controllers\Kategori))
 8 SYSTEMPATH\CodeIgniter.php(361): CodeIgniter\CodeIgniter->handleRequest(null, Object(Config\Cache), false)
 9 FCPATH\index.php(79): CodeIgniter\CodeIgniter->run()
CRITICAL - 2024-02-01 07:36:43 --> ErrorException: Undefined variable $menu
in APPPATH\Views\v_template.php on line 84.
 1 APPPATH\Views\v_template.php(84): CodeIgniter\Debug\Exceptions->errorHandler(2, 'Undefined variable $menu', 'C:\\xamppp\\htdocs\\minikasir_ci4\\app\\Views\\v_template.php', 84)
 2 SYSTEMPATH\View\View.php(228): include('C:\\xamppp\\htdocs\\minikasir_ci4\\app\\Views\\v_template.php')
 3 SYSTEMPATH\View\View.php(231): CodeIgniter\View\View->CodeIgniter\View\{closure}()
 4 SYSTEMPATH\Common.php(1178): CodeIgniter\View\View->render('v_template', [], true)
 5 APPPATH\Controllers\Kategori.php(15): view('v_template', [...])
 6 SYSTEMPATH\CodeIgniter.php(941): App\Controllers\Kategori->index()
 7 SYSTEMPATH\CodeIgniter.php(502): CodeIgniter\CodeIgniter->runController(Object(App\Controllers\Kategori))
 8 SYSTEMPATH\CodeIgniter.php(361): CodeIgniter\CodeIgniter->handleRequest(null, Object(Config\Cache), false)
 9 FCPATH\index.php(79): CodeIgniter\CodeIgniter->run()
CRITICAL - 2024-02-01 07:36:57 --> ErrorException: Undefined variable $menu
in APPPATH\Views\v_template.php on line 84.
 1 APPPATH\Views\v_template.php(84): CodeIgniter\Debug\Exceptions->errorHandler(2, 'Undefined variable $menu', 'C:\\xamppp\\htdocs\\minikasir_ci4\\app\\Views\\v_template.php', 84)
 2 SYSTEMPATH\View\View.php(228): include('C:\\xamppp\\htdocs\\minikasir_ci4\\app\\Views\\v_template.php')
 3 SYSTEMPATH\View\View.php(231): CodeIgniter\View\View->CodeIgniter\View\{closure}()
 4 SYSTEMPATH\Common.php(1178): CodeIgniter\View\View->render('v_template', [], true)
 5 APPPATH\Controllers\Kategori.php(15): view('v_template', [...])
 6 SYSTEMPATH\CodeIgniter.php(941): App\Controllers\Kategori->index()
 7 SYSTEMPATH\CodeIgniter.php(502): CodeIgniter\CodeIgniter->runController(Object(App\Controllers\Kategori))
 8 SYSTEMPATH\CodeIgniter.php(361): CodeIgniter\CodeIgniter->handleRequest(null, Object(Config\Cache), false)
 9 FCPATH\index.php(79): CodeIgniter\CodeIgniter->run()
CRITICAL - 2024-02-01 07:36:58 --> ErrorException: Undefined variable $menu
in APPPATH\Views\v_template.php on line 84.
 1 APPPATH\Views\v_template.php(84): CodeIgniter\Debug\Exceptions->errorHandler(2, 'Undefined variable $menu', 'C:\\xamppp\\htdocs\\minikasir_ci4\\app\\Views\\v_template.php', 84)
 2 SYSTEMPATH\View\View.php(228): include('C:\\xamppp\\htdocs\\minikasir_ci4\\app\\Views\\v_template.php')
 3 SYSTEMPATH\View\View.php(231): CodeIgniter\View\View->CodeIgniter\View\{closure}()
 4 SYSTEMPATH\Common.php(1178): CodeIgniter\View\View->render('v_template', [], true)
 5 APPPATH\Controllers\Kategori.php(15): view('v_template', [...])
 6 SYSTEMPATH\CodeIgniter.php(941): App\Controllers\Kategori->index()
 7 SYSTEMPATH\CodeIgniter.php(502): CodeIgniter\CodeIgniter->runController(Object(App\Controllers\Kategori))
 8 SYSTEMPATH\CodeIgniter.php(361): CodeIgniter\CodeIgniter->handleRequest(null, Object(Config\Cache), false)
 9 FCPATH\index.php(79): CodeIgniter\CodeIgniter->run()
CRITICAL - 2024-02-01 07:37:39 --> ErrorException: Undefined variable $menu
in APPPATH\Views\v_template.php on line 84.
 1 APPPATH\Views\v_template.php(84): CodeIgniter\Debug\Exceptions->errorHandler(2, 'Undefined variable $menu', 'C:\\xamppp\\htdocs\\minikasir_ci4\\app\\Views\\v_template.php', 84)
 2 SYSTEMPATH\View\View.php(228): include('C:\\xamppp\\htdocs\\minikasir_ci4\\app\\Views\\v_template.php')
 3 SYSTEMPATH\View\View.php(231): CodeIgniter\View\View->CodeIgniter\View\{closure}()
 4 SYSTEMPATH\Common.php(1178): CodeIgniter\View\View->render('v_template', [], true)
 5 APPPATH\Controllers\Kategori.php(15): view('v_template', [...])
 6 SYSTEMPATH\CodeIgniter.php(941): App\Controllers\Kategori->index()
 7 SYSTEMPATH\CodeIgniter.php(502): CodeIgniter\CodeIgniter->runController(Object(App\Controllers\Kategori))
 8 SYSTEMPATH\CodeIgniter.php(361): CodeIgniter\CodeIgniter->handleRequest(null, Object(Config\Cache), false)
 9 FCPATH\index.php(79): CodeIgniter\CodeIgniter->run()
CRITICAL - 2024-02-01 07:37:41 --> ErrorException: Undefined variable $menu
in APPPATH\Views\v_template.php on line 84.
 1 APPPATH\Views\v_template.php(84): CodeIgniter\Debug\Exceptions->errorHandler(2, 'Undefined variable $menu', 'C:\\xamppp\\htdocs\\minikasir_ci4\\app\\Views\\v_template.php', 84)
 2 SYSTEMPATH\View\View.php(228): include('C:\\xamppp\\htdocs\\minikasir_ci4\\app\\Views\\v_template.php')
 3 SYSTEMPATH\View\View.php(231): CodeIgniter\View\View->CodeIgniter\View\{closure}()
 4 SYSTEMPATH\Common.php(1178): CodeIgniter\View\View->render('v_template', [], true)
 5 APPPATH\Controllers\Kategori.php(15): view('v_template', [...])
 6 SYSTEMPATH\CodeIgniter.php(941): App\Controllers\Kategori->index()
 7 SYSTEMPATH\CodeIgniter.php(502): CodeIgniter\CodeIgniter->runController(Object(App\Controllers\Kategori))
 8 SYSTEMPATH\CodeIgniter.php(361): CodeIgniter\CodeIgniter->handleRequest(null, Object(Config\Cache), false)
 9 FCPATH\index.php(79): CodeIgniter\CodeIgniter->run()
CRITICAL - 2024-02-01 07:37:42 --> ErrorException: Undefined variable $menu
in APPPATH\Views\v_template.php on line 84.
 1 APPPATH\Views\v_template.php(84): CodeIgniter\Debug\Exceptions->errorHandler(2, 'Undefined variable $menu', 'C:\\xamppp\\htdocs\\minikasir_ci4\\app\\Views\\v_template.php', 84)
 2 SYSTEMPATH\View\View.php(228): include('C:\\xamppp\\htdocs\\minikasir_ci4\\app\\Views\\v_template.php')
 3 SYSTEMPATH\View\View.php(231): CodeIgniter\View\View->CodeIgniter\View\{closure}()
 4 SYSTEMPATH\Common.php(1178): CodeIgniter\View\View->render('v_template', [], true)
 5 APPPATH\Controllers\Kategori.php(15): view('v_template', [...])
 6 SYSTEMPATH\CodeIgniter.php(941): App\Controllers\Kategori->index()
 7 SYSTEMPATH\CodeIgniter.php(502): CodeIgniter\CodeIgniter->runController(Object(App\Controllers\Kategori))
 8 SYSTEMPATH\CodeIgniter.php(361): CodeIgniter\CodeIgniter->handleRequest(null, Object(Config\Cache), false)
 9 FCPATH\index.php(79): CodeIgniter\CodeIgniter->run()
CRITICAL - 2024-02-01 07:37:42 --> ErrorException: Undefined variable $menu
in APPPATH\Views\v_template.php on line 84.
 1 APPPATH\Views\v_template.php(84): CodeIgniter\Debug\Exceptions->errorHandler(2, 'Undefined variable $menu', 'C:\\xamppp\\htdocs\\minikasir_ci4\\app\\Views\\v_template.php', 84)
 2 SYSTEMPATH\View\View.php(228): include('C:\\xamppp\\htdocs\\minikasir_ci4\\app\\Views\\v_template.php')
 3 SYSTEMPATH\View\View.php(231): CodeIgniter\View\View->CodeIgniter\View\{closure}()
 4 SYSTEMPATH\Common.php(1178): CodeIgniter\View\View->render('v_template', [], true)
 5 APPPATH\Controllers\Kategori.php(15): view('v_template', [...])
 6 SYSTEMPATH\CodeIgniter.php(941): App\Controllers\Kategori->index()
 7 SYSTEMPATH\CodeIgniter.php(502): CodeIgniter\CodeIgniter->runController(Object(App\Controllers\Kategori))
 8 SYSTEMPATH\CodeIgniter.php(361): CodeIgniter\CodeIgniter->handleRequest(null, Object(Config\Cache), false)
 9 FCPATH\index.php(79): CodeIgniter\CodeIgniter->run()
CRITICAL - 2024-02-01 07:37:43 --> ErrorException: Undefined variable $menu
in APPPATH\Views\v_template.php on line 84.
 1 APPPATH\Views\v_template.php(84): CodeIgniter\Debug\Exceptions->errorHandler(2, 'Undefined variable $menu', 'C:\\xamppp\\htdocs\\minikasir_ci4\\app\\Views\\v_template.php', 84)
 2 SYSTEMPATH\View\View.php(228): include('C:\\xamppp\\htdocs\\minikasir_ci4\\app\\Views\\v_template.php')
 3 SYSTEMPATH\View\View.php(231): CodeIgniter\View\View->CodeIgniter\View\{closure}()
 4 SYSTEMPATH\Common.php(1178): CodeIgniter\View\View->render('v_template', [], true)
 5 APPPATH\Controllers\Kategori.php(15): view('v_template', [...])
 6 SYSTEMPATH\CodeIgniter.php(941): App\Controllers\Kategori->index()
 7 SYSTEMPATH\CodeIgniter.php(502): CodeIgniter\CodeIgniter->runController(Object(App\Controllers\Kategori))
 8 SYSTEMPATH\CodeIgniter.php(361): CodeIgniter\CodeIgniter->handleRequest(null, Object(Config\Cache), false)
 9 FCPATH\index.php(79): CodeIgniter\CodeIgniter->run()
CRITICAL - 2024-02-01 07:38:12 --> ErrorException: Undefined variable $menu
in APPPATH\Views\v_template.php on line 84.
 1 APPPATH\Views\v_template.php(84): CodeIgniter\Debug\Exceptions->errorHandler(2, 'Undefined variable $menu', 'C:\\xamppp\\htdocs\\minikasir_ci4\\app\\Views\\v_template.php', 84)
 2 SYSTEMPATH\View\View.php(228): include('C:\\xamppp\\htdocs\\minikasir_ci4\\app\\Views\\v_template.php')
 3 SYSTEMPATH\View\View.php(231): CodeIgniter\View\View->CodeIgniter\View\{closure}()
 4 SYSTEMPATH\Common.php(1178): CodeIgniter\View\View->render('v_template', [], true)
 5 APPPATH\Controllers\Kategori.php(15): view('v_template', [...])
 6 SYSTEMPATH\CodeIgniter.php(941): App\Controllers\Kategori->index()
 7 SYSTEMPATH\CodeIgniter.php(502): CodeIgniter\CodeIgniter->runController(Object(App\Controllers\Kategori))
 8 SYSTEMPATH\CodeIgniter.php(361): CodeIgniter\CodeIgniter->handleRequest(null, Object(Config\Cache), false)
 9 FCPATH\index.php(79): CodeIgniter\CodeIgniter->run()
CRITICAL - 2024-02-01 07:38:12 --> ErrorException: Undefined variable $menu
in APPPATH\Views\v_template.php on line 84.
 1 APPPATH\Views\v_template.php(84): CodeIgniter\Debug\Exceptions->errorHandler(2, 'Undefined variable $menu', 'C:\\xamppp\\htdocs\\minikasir_ci4\\app\\Views\\v_template.php', 84)
 2 SYSTEMPATH\View\View.php(228): include('C:\\xamppp\\htdocs\\minikasir_ci4\\app\\Views\\v_template.php')
 3 SYSTEMPATH\View\View.php(231): CodeIgniter\View\View->CodeIgniter\View\{closure}()
 4 SYSTEMPATH\Common.php(1178): CodeIgniter\View\View->render('v_template', [], true)
 5 APPPATH\Controllers\Kategori.php(15): view('v_template', [...])
 6 SYSTEMPATH\CodeIgniter.php(941): App\Controllers\Kategori->index()
 7 SYSTEMPATH\CodeIgniter.php(502): CodeIgniter\CodeIgniter->runController(Object(App\Controllers\Kategori))
 8 SYSTEMPATH\CodeIgniter.php(361): CodeIgniter\CodeIgniter->handleRequest(null, Object(Config\Cache), false)
 9 FCPATH\index.php(79): CodeIgniter\CodeIgniter->run()
CRITICAL - 2024-02-01 07:38:13 --> ErrorException: Undefined variable $menu
in APPPATH\Views\v_template.php on line 84.
 1 APPPATH\Views\v_template.php(84): CodeIgniter\Debug\Exceptions->errorHandler(2, 'Undefined variable $menu', 'C:\\xamppp\\htdocs\\minikasir_ci4\\app\\Views\\v_template.php', 84)
 2 SYSTEMPATH\View\View.php(228): include('C:\\xamppp\\htdocs\\minikasir_ci4\\app\\Views\\v_template.php')
 3 SYSTEMPATH\View\View.php(231): CodeIgniter\View\View->CodeIgniter\View\{closure}()
 4 SYSTEMPATH\Common.php(1178): CodeIgniter\View\View->render('v_template', [], true)
 5 APPPATH\Controllers\Kategori.php(15): view('v_template', [...])
 6 SYSTEMPATH\CodeIgniter.php(941): App\Controllers\Kategori->index()
 7 SYSTEMPATH\CodeIgniter.php(502): CodeIgniter\CodeIgniter->runController(Object(App\Controllers\Kategori))
 8 SYSTEMPATH\CodeIgniter.php(361): CodeIgniter\CodeIgniter->handleRequest(null, Object(Config\Cache), false)
 9 FCPATH\index.php(79): CodeIgniter\CodeIgniter->run()
CRITICAL - 2024-02-01 07:39:14 --> ErrorException: Undefined variable $menu
in APPPATH\Views\v_template.php on line 84.
 1 APPPATH\Views\v_template.php(84): CodeIgniter\Debug\Exceptions->errorHandler(2, 'Undefined variable $menu', 'C:\\xamppp\\htdocs\\minikasir_ci4\\app\\Views\\v_template.php', 84)
 2 SYSTEMPATH\View\View.php(228): include('C:\\xamppp\\htdocs\\minikasir_ci4\\app\\Views\\v_template.php')
 3 SYSTEMPATH\View\View.php(231): CodeIgniter\View\View->CodeIgniter\View\{closure}()
 4 SYSTEMPATH\Common.php(1178): CodeIgniter\View\View->render('v_template', [], true)
 5 APPPATH\Controllers\Kategori.php(15): view('v_template', [...])
 6 SYSTEMPATH\CodeIgniter.php(941): App\Controllers\Kategori->index()
 7 SYSTEMPATH\CodeIgniter.php(502): CodeIgniter\CodeIgniter->runController(Object(App\Controllers\Kategori))
 8 SYSTEMPATH\CodeIgniter.php(361): CodeIgniter\CodeIgniter->handleRequest(null, Object(Config\Cache), false)
 9 FCPATH\index.php(79): CodeIgniter\CodeIgniter->run()
