WARNING - 2024-02-04 15:21:54 --> [DEPRECATED] Creation of dynamic property App\Controllers\Satuan::$ModelSatuan is deprecated in APPPATH\Controllers\Satuan.php on line 13.
 1 SYSTEMPATH\CodeIgniter.php(913): App\Controllers\Satuan->__construct()
 2 SYSTEMPATH\CodeIgniter.php(493): CodeIgniter\CodeIgniter->createController()
 3 SYSTEMPATH\CodeIgniter.php(361): CodeIgniter\CodeIgniter->handleRequest(null, Object(Config\Cache), false)
 4 FCPATH\index.php(79): CodeIgniter\CodeIgniter->run()
ERROR - 2024-02-04 15:21:54 --> Error connecting to the database: mysqli_sql_exception: Access denied for user ''@'localhost' (using password: NO) in C:\xamppp\htdocs\minikasir_ci4\system\Database\MySQLi\Connection.php:184
Stack trace:
#0 C:\xamppp\htdocs\minikasir_ci4\system\Database\MySQLi\Connection.php(184): mysqli->real_connect('localhost', '', Object(SensitiveParameterValue), 'aplikasi_kasir', 3306, '', 0)
#1 C:\xamppp\htdocs\minikasir_ci4\system\Database\BaseConnection.php(392): CodeIgniter\Database\MySQLi\Connection->connect(false)
#2 C:\xamppp\htdocs\minikasir_ci4\system\Database\BaseConnection.php(575): CodeIgniter\Database\BaseConnection->initialize()
#3 C:\xamppp\htdocs\minikasir_ci4\system\Database\BaseBuilder.php(1613): CodeIgniter\Database\BaseConnection->query('SELECT *\nFROM `...', Array, false)
#4 C:\xamppp\htdocs\minikasir_ci4\app\Models\ModelSatuan.php(11): CodeIgniter\Database\BaseBuilder->get()
#5 C:\xamppp\htdocs\minikasir_ci4\app\Controllers\Satuan.php(24): App\Models\ModelSatuan->AllData()
#6 C:\xamppp\htdocs\minikasir_ci4\system\CodeIgniter.php(941): App\Controllers\Satuan->index()
#7 C:\xamppp\htdocs\minikasir_ci4\system\CodeIgniter.php(502): CodeIgniter\CodeIgniter->runController(Object(App\Controllers\Satuan))
#8 C:\xamppp\htdocs\minikasir_ci4\system\CodeIgniter.php(361): CodeIgniter\CodeIgniter->handleRequest(NULL, Object(Config\Cache), false)
#9 C:\xamppp\htdocs\minikasir_ci4\public\index.php(79): CodeIgniter\CodeIgniter->run()
#10 {main}

Next CodeIgniter\Database\Exceptions\DatabaseException: Access denied for user ''@'localhost' (using password: NO) in C:\xamppp\htdocs\minikasir_ci4\system\Database\MySQLi\Connection.php:229
Stack trace:
#0 C:\xamppp\htdocs\minikasir_ci4\system\Database\BaseConnection.php(392): CodeIgniter\Database\MySQLi\Connection->connect(false)
#1 C:\xamppp\htdocs\minikasir_ci4\system\Database\BaseConnection.php(575): CodeIgniter\Database\BaseConnection->initialize()
#2 C:\xamppp\htdocs\minikasir_ci4\system\Database\BaseBuilder.php(1613): CodeIgniter\Database\BaseConnection->query('SELECT *\nFROM `...', Array, false)
#3 C:\xamppp\htdocs\minikasir_ci4\app\Models\ModelSatuan.php(11): CodeIgniter\Database\BaseBuilder->get()
#4 C:\xamppp\htdocs\minikasir_ci4\app\Controllers\Satuan.php(24): App\Models\ModelSatuan->AllData()
#5 C:\xamppp\htdocs\minikasir_ci4\system\CodeIgniter.php(941): App\Controllers\Satuan->index()
#6 C:\xamppp\htdocs\minikasir_ci4\system\CodeIgniter.php(502): CodeIgniter\CodeIgniter->runController(Object(App\Controllers\Satuan))
#7 C:\xamppp\htdocs\minikasir_ci4\system\CodeIgniter.php(361): CodeIgniter\CodeIgniter->handleRequest(NULL, Object(Config\Cache), false)
#8 C:\xamppp\htdocs\minikasir_ci4\public\index.php(79): CodeIgniter\CodeIgniter->run()
#9 {main}
CRITICAL - 2024-02-04 15:21:54 --> CodeIgniter\Database\Exceptions\DatabaseException: Unable to connect to the database.
Main connection [MySQLi]: Access denied for user ''@'localhost' (using password: NO)
in SYSTEMPATH\Database\BaseConnection.php on line 428.
 1 SYSTEMPATH\Database\BaseConnection.php(575): CodeIgniter\Database\BaseConnection->initialize()
 2 SYSTEMPATH\Database\BaseBuilder.php(1613): CodeIgniter\Database\BaseConnection->query('SELECT *
FROM `satuan`', [], false)
 3 APPPATH\Models\ModelSatuan.php(11): CodeIgniter\Database\BaseBuilder->get()
 4 APPPATH\Controllers\Satuan.php(24): App\Models\ModelSatuan->AllData()
 5 SYSTEMPATH\CodeIgniter.php(941): App\Controllers\Satuan->index()
 6 SYSTEMPATH\CodeIgniter.php(502): CodeIgniter\CodeIgniter->runController(Object(App\Controllers\Satuan))
 7 SYSTEMPATH\CodeIgniter.php(361): CodeIgniter\CodeIgniter->handleRequest(null, Object(Config\Cache), false)
 8 FCPATH\index.php(79): CodeIgniter\CodeIgniter->run()
WARNING - 2024-02-04 15:32:38 --> [DEPRECATED] Creation of dynamic property App\Controllers\Satuan::$ModelSatuan is deprecated in APPPATH\Controllers\Satuan.php on line 13.
 1 SYSTEMPATH\CodeIgniter.php(913): App\Controllers\Satuan->__construct()
 2 SYSTEMPATH\CodeIgniter.php(493): CodeIgniter\CodeIgniter->createController()
 3 SYSTEMPATH\CodeIgniter.php(361): CodeIgniter\CodeIgniter->handleRequest(null, Object(Config\Cache), false)
 4 FCPATH\index.php(79): CodeIgniter\CodeIgniter->run()
CRITICAL - 2024-02-04 15:32:38 --> ParseError: Unclosed '{' on line 14
in APPPATH\Views\v_satuan.php on line 22.
 1 SYSTEMPATH\View\View.php(231): CodeIgniter\View\View->CodeIgniter\View\{closure}()
 2 SYSTEMPATH\Common.php(1178): CodeIgniter\View\View->render('v_satuan', [], true)
 3 APPPATH\Views\v_template.php(194): view('v_satuan')
 4 SYSTEMPATH\View\View.php(228): include('C:\\xamppp\\htdocs\\minikasir_ci4\\app\\Views\\v_template.php')
 5 SYSTEMPATH\View\View.php(231): CodeIgniter\View\View->CodeIgniter\View\{closure}()
 6 SYSTEMPATH\Common.php(1178): CodeIgniter\View\View->render('v_template', [], true)
 7 APPPATH\Controllers\Satuan.php(26): view('v_template', [...])
 8 SYSTEMPATH\CodeIgniter.php(941): App\Controllers\Satuan->index()
 9 SYSTEMPATH\CodeIgniter.php(502): CodeIgniter\CodeIgniter->runController(Object(App\Controllers\Satuan))
10 SYSTEMPATH\CodeIgniter.php(361): CodeIgniter\CodeIgniter->handleRequest(null, Object(Config\Cache), false)
11 FCPATH\index.php(79): CodeIgniter\CodeIgniter->run()
WARNING - 2024-02-04 15:34:10 --> [DEPRECATED] Creation of dynamic property App\Controllers\Satuan::$ModelSatuan is deprecated in APPPATH\Controllers\Satuan.php on line 13.
 1 SYSTEMPATH\CodeIgniter.php(913): App\Controllers\Satuan->__construct()
 2 SYSTEMPATH\CodeIgniter.php(493): CodeIgniter\CodeIgniter->createController()
 3 SYSTEMPATH\CodeIgniter.php(361): CodeIgniter\CodeIgniter->handleRequest(null, Object(Config\Cache), false)
 4 FCPATH\index.php(79): CodeIgniter\CodeIgniter->run()
WARNING - 2024-02-04 15:35:19 --> [DEPRECATED] Creation of dynamic property App\Controllers\Satuan::$ModelSatuan is deprecated in APPPATH\Controllers\Satuan.php on line 13.
 1 SYSTEMPATH\CodeIgniter.php(913): App\Controllers\Satuan->__construct()
 2 SYSTEMPATH\CodeIgniter.php(493): CodeIgniter\CodeIgniter->createController()
 3 SYSTEMPATH\CodeIgniter.php(361): CodeIgniter\CodeIgniter->handleRequest(null, Object(Config\Cache), false)
 4 FCPATH\index.php(79): CodeIgniter\CodeIgniter->run()
WARNING - 2024-02-04 15:36:56 --> [DEPRECATED] Creation of dynamic property App\Controllers\Satuan::$ModelSatuan is deprecated in APPPATH\Controllers\Satuan.php on line 13.
 1 SYSTEMPATH\CodeIgniter.php(913): App\Controllers\Satuan->__construct()
 2 SYSTEMPATH\CodeIgniter.php(493): CodeIgniter\CodeIgniter->createController()
 3 SYSTEMPATH\CodeIgniter.php(361): CodeIgniter\CodeIgniter->handleRequest(null, Object(Config\Cache), false)
 4 FCPATH\index.php(79): CodeIgniter\CodeIgniter->run()
WARNING - 2024-02-04 15:39:48 --> [DEPRECATED] Creation of dynamic property App\Controllers\Satuan::$ModelSatuan is deprecated in APPPATH\Controllers\Satuan.php on line 13.
 1 SYSTEMPATH\CodeIgniter.php(913): App\Controllers\Satuan->__construct()
 2 SYSTEMPATH\CodeIgniter.php(493): CodeIgniter\CodeIgniter->createController()
 3 SYSTEMPATH\CodeIgniter.php(361): CodeIgniter\CodeIgniter->handleRequest(null, Object(Config\Cache), false)
 4 FCPATH\index.php(79): CodeIgniter\CodeIgniter->run()
WARNING - 2024-02-04 15:44:49 --> [DEPRECATED] Creation of dynamic property App\Controllers\Satuan::$ModelSatuan is deprecated in APPPATH\Controllers\Satuan.php on line 13.
 1 SYSTEMPATH\CodeIgniter.php(913): App\Controllers\Satuan->__construct()
 2 SYSTEMPATH\CodeIgniter.php(493): CodeIgniter\CodeIgniter->createController()
 3 SYSTEMPATH\CodeIgniter.php(361): CodeIgniter\CodeIgniter->handleRequest(null, Object(Config\Cache), false)
 4 FCPATH\index.php(79): CodeIgniter\CodeIgniter->run()
WARNING - 2024-02-04 15:45:32 --> [DEPRECATED] Creation of dynamic property App\Controllers\Satuan::$ModelSatuan is deprecated in APPPATH\Controllers\Satuan.php on line 13.
 1 SYSTEMPATH\CodeIgniter.php(913): App\Controllers\Satuan->__construct()
 2 SYSTEMPATH\CodeIgniter.php(493): CodeIgniter\CodeIgniter->createController()
 3 SYSTEMPATH\CodeIgniter.php(361): CodeIgniter\CodeIgniter->handleRequest(null, Object(Config\Cache), false)
 4 FCPATH\index.php(79): CodeIgniter\CodeIgniter->run()
WARNING - 2024-02-04 15:46:07 --> [DEPRECATED] Creation of dynamic property App\Controllers\Satuan::$ModelSatuan is deprecated in APPPATH\Controllers\Satuan.php on line 13.
 1 SYSTEMPATH\CodeIgniter.php(913): App\Controllers\Satuan->__construct()
 2 SYSTEMPATH\CodeIgniter.php(493): CodeIgniter\CodeIgniter->createController()
 3 SYSTEMPATH\CodeIgniter.php(361): CodeIgniter\CodeIgniter->handleRequest(null, Object(Config\Cache), false)
 4 FCPATH\index.php(79): CodeIgniter\CodeIgniter->run()
WARNING - 2024-02-04 16:04:13 --> [DEPRECATED] Creation of dynamic property App\Controllers\Satuan::$ModelSatuan is deprecated in APPPATH\Controllers\Satuan.php on line 13.
 1 SYSTEMPATH\CodeIgniter.php(913): App\Controllers\Satuan->__construct()
 2 SYSTEMPATH\CodeIgniter.php(493): CodeIgniter\CodeIgniter->createController()
 3 SYSTEMPATH\CodeIgniter.php(361): CodeIgniter\CodeIgniter->handleRequest(null, Object(Config\Cache), false)
 4 FCPATH\index.php(79): CodeIgniter\CodeIgniter->run()
